Using pre-set license
Built from '2020.3/staging' branch; Version is '2020.3.30f1 (1fb1bf06830e) revision 2077119'; Using compiler version '192528614'; Build Type 'Release'
OS: 'Windows 10  (10.0.19044) 64bit CoreSingleLanguage' Language: 'tr' Physical Memory: 8062 MB
BatchMode: 1, IsHumanControllingUs: 0, StartBugReporterOnCrash: 0, Is64bit: 1, IsPro: 0

COMMAND LINE ARGUMENTS:
C:\MyUnity\Hub\Editor\2020.3.30f1\Editor\Unity.exe
-adb2
-batchMode
-noUpm
-name
AssetImportWorker0
-projectPath
C:/GitHub/Repositories/OopProgrammingProject/OopProgrammingProject
-logFile
Logs/AssetImportWorker0.log
-srvPort
49740
Successfully changed project path to: C:/GitHub/Repositories/OopProgrammingProject/OopProgrammingProject
C:/GitHub/Repositories/OopProgrammingProject/OopProgrammingProject
Using Asset Import Pipeline V2.
Refreshing native plugins compatible for Editor in 55.55 ms, found 2 plugins.
Preloading 0 native plugins for Editor in 0.00 ms.
Initialize engine version: 2020.3.30f1 (1fb1bf06830e)
[Subsystems] Discovering subsystems at path C:/MyUnity/Hub/Editor/2020.3.30f1/Editor/Data/Resources/UnitySubsystems
[Subsystems] Discovering subsystems at path C:/GitHub/Repositories/OopProgrammingProject/OopProgrammingProject/Assets
GfxDevice: creating device client; threaded=0
Direct3D:
    Version:  Direct3D 11.0 [level 11.0]
    Renderer: NVIDIA GeForce 940M (ID=0x1347)
    Vendor:   
    VRAM:     2010 MB
    Driver:   30.0.15.1215
Initialize mono
Mono path[0] = 'C:/MyUnity/Hub/Editor/2020.3.30f1/Editor/Data/Managed'
Mono path[1] = 'C:/MyUnity/Hub/Editor/2020.3.30f1/Editor/Data/MonoBleedingEdge/lib/mono/unityjit'
Mono config path = 'C:/MyUnity/Hub/Editor/2020.3.30f1/Editor/Data/MonoBleedingEdge/etc'
Using monoOptions --debugger-agent=transport=dt_socket,embedding=1,server=y,suspend=n,address=127.0.0.1:56436
Begin MonoManager ReloadAssembly
Registering precompiled unity dll's ...
Register platform support module: C:/MyUnity/Hub/Editor/2020.3.30f1/Editor/Data/PlaybackEngines/WebGLSupport/UnityEditor.WebGL.Extensions.dll
Register platform support module: C:/MyUnity/Hub/Editor/2020.3.30f1/Editor/Data/PlaybackEngines/WindowsStandaloneSupport/UnityEditor.WindowsStandalone.Extensions.dll
Registered in 0.007420 seconds.
Native extension for WindowsStandalone target not found
Native extension for WebGL target not found
Refreshing native plugins compatible for Editor in 61.45 ms, found 2 plugins.
Preloading 0 native plugins for Editor in 0.00 ms.
Mono: successfully reloaded assembly
- Completed reload, in  1.136 seconds
Domain Reload Profiling:
	ReloadAssembly (1137ms)
		BeginReloadAssembly (157ms)
			ExecutionOrderSort (0ms)
			DisableScriptedObjects (0ms)
			BackupInstance (0ms)
			ReleaseScriptingObjects (0ms)
			CreateAndSetChildDomain (1ms)
		EndReloadAssembly (824ms)
			LoadAssemblies (152ms)
			RebuildTransferFunctionScriptingTraits (0ms)
			SetupTypeCache (259ms)
			ReleaseScriptCaches (0ms)
			RebuildScriptCaches (76ms)
			SetupLoadedEditorAssemblies (309ms)
				LogAssemblyErrors (0ms)
				InitializePlatformSupportModulesInManaged (17ms)
				SetLoadedEditorAssemblies (0ms)
				RefreshPlugins (62ms)
				BeforeProcessingInitializeOnLoad (26ms)
				ProcessInitializeOnLoadAttributes (161ms)
				ProcessInitializeOnLoadMethodAttributes (43ms)
				AfterProcessingInitializeOnLoad (0ms)
				EditorAssembliesLoaded (0ms)
			ExecutionOrderSort2 (0ms)
			AwakeInstancesAfterBackupRestoration (0ms)
Platform modules already initialized, skipping
Registering precompiled user dll's ...
Registered in 0.008255 seconds.
Begin MonoManager ReloadAssembly
Symbol file LoadedFromMemory doesn't match image C:\GitHub\Repositories\OopProgrammingProject\OopProgrammingProject\Library\PackageCache\com.unity.collab-proxy@1.15.15\Lib\Editor\PlasticSCM\unityplastic.dll
Native extension for WindowsStandalone target not found
Native extension for WebGL target not found
Refreshing native plugins compatible for Editor in 0.43 ms, found 2 plugins.
Preloading 0 native plugins for Editor in 0.00 ms.
Mono: successfully reloaded assembly
- Completed reload, in  1.814 seconds
Domain Reload Profiling:
	ReloadAssembly (1816ms)
		BeginReloadAssembly (286ms)
			ExecutionOrderSort (0ms)
			DisableScriptedObjects (7ms)
			BackupInstance (0ms)
			ReleaseScriptingObjects (0ms)
			CreateAndSetChildDomain (28ms)
		EndReloadAssembly (1383ms)
			LoadAssemblies (219ms)
			RebuildTransferFunctionScriptingTraits (0ms)
			SetupTypeCache (458ms)
			ReleaseScriptCaches (1ms)
			RebuildScriptCaches (72ms)
			SetupLoadedEditorAssemblies (530ms)
				LogAssemblyErrors (0ms)
				InitializePlatformSupportModulesInManaged (9ms)
				SetLoadedEditorAssemblies (1ms)
				RefreshPlugins (1ms)
				BeforeProcessingInitializeOnLoad (134ms)
				ProcessInitializeOnLoadAttributes (353ms)
				ProcessInitializeOnLoadMethodAttributes (14ms)
				AfterProcessingInitializeOnLoad (19ms)
				EditorAssembliesLoaded (0ms)
			ExecutionOrderSort2 (0ms)
			AwakeInstancesAfterBackupRestoration (11ms)
Platform modules already initialized, skipping
========================================================================
Worker process is ready to serve import requests
Launched and connected shader compiler UnityShaderCompiler.exe after 0.10 seconds
Refreshing native plugins compatible for Editor in 0.64 ms, found 2 plugins.
Preloading 0 native plugins for Editor in 0.00 ms.
Unloading 1514 Unused Serialized files (Serialized files now loaded: 0)
System memory in use before: 69.5 MB.
System memory in use after: 69.6 MB.

Unloading 16 unused Assets to reduce memory usage. Loaded Objects now: 1954.
Total: 4.466400 ms (FindLiveObjects: 0.151500 ms CreateObjectMapping: 0.062300 ms MarkObjects: 4.153000 ms  DeleteObjects: 0.097800 ms)

AssetImportParameters requested are different than current active one (requested -> active):
  custom:framework-win-MediaFoundation: 216162199b28c13a410421893ffa2e32 -> 
  custom:video-decoder-ogg-theora: a1e56fd34408186e4bbccfd4996cb3dc -> 
  custom:container-muxer-webm: aa71ff27fc2769a1b78a27578f13a17b -> 
  custom:container-demuxer-webm: 4f35f7cbe854078d1ac9338744f61a02 -> 
  custom:container-demuxer-ogg: 62fdf1f143b41e24485cea50d1cbac27 -> 
  custom:video-encoder-webm-vp8: eb34c28f22e8b96e1ab97ce403110664 -> 
  custom:video-decoder-webm-vp8: 9c59270c3fd7afecdb556c50c9e8de78 -> 
  custom:audio-decoder-ogg-vorbis: bf7c407c2cedff20999df2af8eb42d56 -> 
  custom:audio-encoder-webm-vorbis: bf7c407c2cedff20999df2af8eb42d56 -> 
========================================================================
Received Import Request.
  path: ProjectSettings/TagManager.asset
  artifactKey: Guid(00000000000000003000000000000000) Importer(815301076,1909f56bfc062723c751e8b465ee728b)
Start importing ProjectSettings/TagManager.asset using Guid(00000000000000003000000000000000) Importer(815301076,1909f56bfc062723c751e8b465ee728b)  -> (artifact id: 'ce6a35c3cddc746e7501c0bd0ed6d4ce') in 0.063727 seconds 
========================================================================
Received Import Request.
  Time since last request: 21.199751 seconds.
  path: Assets/Prefabs/Enemy.prefab
  artifactKey: Guid(ebe2c49a9f1f1da44b7859386b0bfc83) Importer(815301076,1909f56bfc062723c751e8b465ee728b)
Start importing Assets/Prefabs/Enemy.prefab using Guid(ebe2c49a9f1f1da44b7859386b0bfc83) Importer(815301076,1909f56bfc062723c751e8b465ee728b)  -> (artifact id: '7e99db9f9894326b451c446df8757c44') in 0.185152 seconds 
========================================================================
Received Import Request.
  Time since last request: 2.669939 seconds.
  path: Assets/Prefabs/EnemyBoss.prefab
  artifactKey: Guid(519f0d9dff9e16e4b8f86a53ca416ba1) Importer(815301076,1909f56bfc062723c751e8b465ee728b)
Start importing Assets/Prefabs/EnemyBoss.prefab using Guid(519f0d9dff9e16e4b8f86a53ca416ba1) Importer(815301076,1909f56bfc062723c751e8b465ee728b)  -> (artifact id: 'b921c92bc25d51eef3950587d4583d99') in 0.027526 seconds 
========================================================================
Received Import Request.
  Time since last request: 3.656218 seconds.
  path: Assets/Prefabs/EnemyHard.prefab
  artifactKey: Guid(71f25fc7cfd4ec147814ee7aab205292) Importer(815301076,1909f56bfc062723c751e8b465ee728b)
Start importing Assets/Prefabs/EnemyHard.prefab using Guid(71f25fc7cfd4ec147814ee7aab205292) Importer(815301076,1909f56bfc062723c751e8b465ee728b)  -> (artifact id: 'b753687d0dce3e3ea4df11cb573d3348') in 0.025171 seconds 
========================================================================
Received Import Request.
  Time since last request: 4.083223 seconds.
  path: Assets/Prefabs/EnemySmall.prefab
  artifactKey: Guid(d81e99883361d0b479a3e19d875f76d7) Importer(815301076,1909f56bfc062723c751e8b465ee728b)
Start importing Assets/Prefabs/EnemySmall.prefab using Guid(d81e99883361d0b479a3e19d875f76d7) Importer(815301076,1909f56bfc062723c751e8b465ee728b)  -> (artifact id: 'e6ca9e226ca3c0b1603c17c221498aa9') in 0.028154 seconds 
========================================================================
Received Import Request.
  Time since last request: 8.333614 seconds.
  path: Assets/Prefabs/PowerUp.prefab
  artifactKey: Guid(3afc9d6a87be0774cbda2e74e30a4c21) Importer(815301076,1909f56bfc062723c751e8b465ee728b)
Start importing Assets/Prefabs/PowerUp.prefab using Guid(3afc9d6a87be0774cbda2e74e30a4c21) Importer(815301076,1909f56bfc062723c751e8b465ee728b)  -> (artifact id: '44c714692831f722709ddf88806a6b26') in 0.043328 seconds 
========================================================================
Received Import Request.
  Time since last request: 361.406987 seconds.
  path: Assets/Prefabs/PowerUpIndicator.prefab
  artifactKey: Guid(73bbb5df1e26fcf478ae33a1410b786e) Importer(815301076,1909f56bfc062723c751e8b465ee728b)
Start importing Assets/Prefabs/PowerUpIndicator.prefab using Guid(73bbb5df1e26fcf478ae33a1410b786e) Importer(815301076,1909f56bfc062723c751e8b465ee728b)  -> (artifact id: 'e5c9a65e0791f8d9cefe6510a2789149') in 0.036098 seconds 
========================================================================
Received Import Request.
  Time since last request: 126.589809 seconds.
  path: Assets/Prefabs/PowerUpRocket.prefab
  artifactKey: Guid(45bfb31c1c1d5b64082e95ffabbd7f70) Importer(815301076,1909f56bfc062723c751e8b465ee728b)
Start importing Assets/Prefabs/PowerUpRocket.prefab using Guid(45bfb31c1c1d5b64082e95ffabbd7f70) Importer(815301076,1909f56bfc062723c751e8b465ee728b)  -> (artifact id: 'c6ed05094940aadf3a319e013c6d006d') in 0.035853 seconds 
========================================================================
Received Import Request.
  Time since last request: 45.479523 seconds.
  path: Assets/Course Library/Pickups/RepairIcon.prefab
  artifactKey: Guid(510349479745aac4b9209e9326e42601) Importer(815301076,1909f56bfc062723c751e8b465ee728b)
Start importing Assets/Course Library/Pickups/RepairIcon.prefab using Guid(510349479745aac4b9209e9326e42601) Importer(815301076,1909f56bfc062723c751e8b465ee728b)  -> (artifact id: '4cc71d40eae2861f1bcf091e829d329d') in 0.035768 seconds 
========================================================================
Received Import Request.
  Time since last request: 0.586028 seconds.
  path: Assets/Course Library/Pickups/RadiationIcon.prefab
  artifactKey: Guid(6f3d65a695e7abd46bde807842983d4a) Importer(815301076,1909f56bfc062723c751e8b465ee728b)
Start importing Assets/Course Library/Pickups/RadiationIcon.prefab using Guid(6f3d65a695e7abd46bde807842983d4a) Importer(815301076,1909f56bfc062723c751e8b465ee728b)  -> (artifact id: '0aee35d1c67c3df46cbd94cc1c3f40fd') in 0.024695 seconds 
========================================================================
Received Import Request.
  Time since last request: 0.757034 seconds.
  path: Assets/Course Library/Pickups/PowerIcon.prefab
  artifactKey: Guid(0782c4fdae5f1624ba26300a1dc7a0a7) Importer(815301076,1909f56bfc062723c751e8b465ee728b)
Start importing Assets/Course Library/Pickups/PowerIcon.prefab using Guid(0782c4fdae5f1624ba26300a1dc7a0a7) Importer(815301076,1909f56bfc062723c751e8b465ee728b)  -> (artifact id: 'b7adf862add09f7795f18cf0cb4c3e8b') in 0.020711 seconds 
========================================================================
Received Import Request.
  Time since last request: 1.774568 seconds.
  path: Assets/Course Library/Pickups/MultiplierIcon.prefab
  artifactKey: Guid(ceb1bef3d4abc9344b89436369737113) Importer(815301076,1909f56bfc062723c751e8b465ee728b)
Start importing Assets/Course Library/Pickups/MultiplierIcon.prefab using Guid(ceb1bef3d4abc9344b89436369737113) Importer(815301076,1909f56bfc062723c751e8b465ee728b)  -> (artifact id: 'f29c128599d40f2b6b35709114096dec') in 0.022788 seconds 
========================================================================
Received Import Request.
  Time since last request: 0.704595 seconds.
  path: Assets/Course Library/Pickups/GoldCupIcon.prefab
  artifactKey: Guid(f20d096cd65070b4a89b6957463d432d) Importer(815301076,1909f56bfc062723c751e8b465ee728b)
Start importing Assets/Course Library/Pickups/GoldCupIcon.prefab using Guid(f20d096cd65070b4a89b6957463d432d) Importer(815301076,1909f56bfc062723c751e8b465ee728b)  -> (artifact id: 'f79073aa1ccac570dcac0b4f34a9bd5a') in 0.022084 seconds 
========================================================================
Received Import Request.
  Time since last request: 1.063479 seconds.
  path: Assets/Course Library/Pickups/Gem_01.prefab
  artifactKey: Guid(9e928de923724f54ea836e735efdd8b6) Importer(815301076,1909f56bfc062723c751e8b465ee728b)
Start importing Assets/Course Library/Pickups/Gem_01.prefab using Guid(9e928de923724f54ea836e735efdd8b6) Importer(815301076,1909f56bfc062723c751e8b465ee728b)  -> (artifact id: 'e2c98113ba0a887d2a273b149659e6d3') in 0.033181 seconds 
========================================================================
Received Import Request.
  Time since last request: 3.210857 seconds.
  path: Assets/Course Library/Pickups/Star_01.prefab
  artifactKey: Guid(7bc251a7285632341a306c70a8f1cfbe) Importer(815301076,1909f56bfc062723c751e8b465ee728b)
Start importing Assets/Course Library/Pickups/Star_01.prefab using Guid(7bc251a7285632341a306c70a8f1cfbe) Importer(815301076,1909f56bfc062723c751e8b465ee728b)  -> (artifact id: '8e412384036bad95c550e7346c1de70c') in 0.030348 seconds 
========================================================================
Received Import Request.
  Time since last request: 302.444482 seconds.
  path: Assets/Prefabs/PowerUpSmash.prefab
  artifactKey: Guid(511d314fb51afbe459eed83438e0212a) Importer(815301076,1909f56bfc062723c751e8b465ee728b)
Start importing Assets/Prefabs/PowerUpSmash.prefab using Guid(511d314fb51afbe459eed83438e0212a) Importer(815301076,1909f56bfc062723c751e8b465ee728b)  -> (artifact id: '9aa7efc78ea714a16e17dd6118c2cd54') in 0.040456 seconds 
========================================================================
Received Import Request.
  Time since last request: 433.661802 seconds.
  path: Assets/Course Library/Materials
  artifactKey: Guid(a9a5f03c85303534fa222fb4cb153a7c) Importer(815301076,1909f56bfc062723c751e8b465ee728b)
Start importing Assets/Course Library/Materials using Guid(a9a5f03c85303534fa222fb4cb153a7c) Importer(815301076,1909f56bfc062723c751e8b465ee728b)  -> (artifact id: '81f8315406ddcbd004ef4e96a09ff8d9') in 0.005787 seconds 
========================================================================
Received Import Request.
  Time since last request: 174.450334 seconds.
  path: Assets/Prefabs/Rocket.prefab
  artifactKey: Guid(93beeb16e4d114e4cbd68b3b3a5d3170) Importer(815301076,1909f56bfc062723c751e8b465ee728b)
Start importing Assets/Prefabs/Rocket.prefab using Guid(93beeb16e4d114e4cbd68b3b3a5d3170) Importer(815301076,1909f56bfc062723c751e8b465ee728b)  -> (artifact id: 'b1aa4881af55d1b392a78e4e4aad2f00') in 0.049813 seconds 
========================================================================
Received Import Request.
  Time since last request: 18.847236 seconds.
  path: Assets/PhysicMaterials
  artifactKey: Guid(152df36f6b36d0341a75542374746c9c) Importer(815301076,1909f56bfc062723c751e8b465ee728b)
Start importing Assets/PhysicMaterials using Guid(152df36f6b36d0341a75542374746c9c) Importer(815301076,1909f56bfc062723c751e8b465ee728b)  -> (artifact id: '26cc51b1e2dfae377ac6cbbe805bd952') in 0.005123 seconds 
========================================================================
Received Import Request.
  Time since last request: 15.635514 seconds.
  path: Assets/PhysicMaterials/Bouncy.physicMaterial
  artifactKey: Guid(00c463ee84317b747845b3eabfb9bd94) Importer(815301076,1909f56bfc062723c751e8b465ee728b)
Start importing Assets/PhysicMaterials/Bouncy.physicMaterial using Guid(00c463ee84317b747845b3eabfb9bd94) Importer(815301076,1909f56bfc062723c751e8b465ee728b)  -> (artifact id: 'aa4fd7b785450cfb8375722c3604d920') in 0.012125 seconds 
========================================================================
Received Import Request.
  Time since last request: 29.103834 seconds.
  path: Assets/Prefabs/Enemy.prefab
  artifactKey: Guid(ebe2c49a9f1f1da44b7859386b0bfc83) Importer(815301076,1909f56bfc062723c751e8b465ee728b)
Start importing Assets/Prefabs/Enemy.prefab using Guid(ebe2c49a9f1f1da44b7859386b0bfc83) Importer(815301076,1909f56bfc062723c751e8b465ee728b)  -> (artifact id: 'a2619c1293f4d6b2114fd23cdac371dc') in 0.021459 seconds 
========================================================================
Received Import Request.
  Time since last request: 3.674901 seconds.
  path: Assets/Prefabs/EnemyBoss.prefab
  artifactKey: Guid(519f0d9dff9e16e4b8f86a53ca416ba1) Importer(815301076,1909f56bfc062723c751e8b465ee728b)
Start importing Assets/Prefabs/EnemyBoss.prefab using Guid(519f0d9dff9e16e4b8f86a53ca416ba1) Importer(815301076,1909f56bfc062723c751e8b465ee728b)  -> (artifact id: '3dcfdd4e0180072687abfe64d31c5c46') in 0.022139 seconds 
========================================================================
Received Import Request.
  Time since last request: 3.466912 seconds.
  path: Assets/Prefabs/EnemyHard.prefab
  artifactKey: Guid(71f25fc7cfd4ec147814ee7aab205292) Importer(815301076,1909f56bfc062723c751e8b465ee728b)
Start importing Assets/Prefabs/EnemyHard.prefab using Guid(71f25fc7cfd4ec147814ee7aab205292) Importer(815301076,1909f56bfc062723c751e8b465ee728b)  -> (artifact id: '037e374c316546da1de8bdfd3ee1563e') in 0.017763 seconds 
========================================================================
Received Import Request.
  Time since last request: 2.897649 seconds.
  path: Assets/Prefabs/EnemySmall.prefab
  artifactKey: Guid(d81e99883361d0b479a3e19d875f76d7) Importer(815301076,1909f56bfc062723c751e8b465ee728b)
Start importing Assets/Prefabs/EnemySmall.prefab using Guid(d81e99883361d0b479a3e19d875f76d7) Importer(815301076,1909f56bfc062723c751e8b465ee728b)  -> (artifact id: 'e0eb3e497ed2078567b037f6055e0e65') in 0.023267 seconds 
========================================================================
Received Import Request.
  Time since last request: 472.309427 seconds.
  path: Assets/Scripts/RotateCamera.cs
  artifactKey: Guid(0be583681bc79f240b6fa84d015807d4) Importer(815301076,1909f56bfc062723c751e8b465ee728b)
Start importing Assets/Scripts/RotateCamera.cs using Guid(0be583681bc79f240b6fa84d015807d4) Importer(815301076,1909f56bfc062723c751e8b465ee728b)  -> (artifact id: 'bf9213d60616b4f50b80453b6b219654') in 0.028494 seconds 
========================================================================
Received Prepare
Registering precompiled user dll's ...
Registered in 0.028489 seconds.
Begin MonoManager ReloadAssembly
Symbol file LoadedFromMemory doesn't match image C:\GitHub\Repositories\OopProgrammingProject\OopProgrammingProject\Library\PackageCache\com.unity.collab-proxy@1.15.15\Lib\Editor\PlasticSCM\unityplastic.dll
Native extension for WindowsStandalone target not found
Native extension for WebGL target not found
Refreshing native plugins compatible for Editor in 0.68 ms, found 2 plugins.
Preloading 0 native plugins for Editor in 0.00 ms.
Mono: successfully reloaded assembly
- Completed reload, in  3.275 seconds
Domain Reload Profiling:
	ReloadAssembly (3275ms)
		BeginReloadAssembly (478ms)
			ExecutionOrderSort (0ms)
			DisableScriptedObjects (15ms)
			BackupInstance (0ms)
			ReleaseScriptingObjects (0ms)
			CreateAndSetChildDomain (107ms)
		EndReloadAssembly (2634ms)
			LoadAssemblies (373ms)
			RebuildTransferFunctionScriptingTraits (0ms)
			SetupTypeCache (1345ms)
			ReleaseScriptCaches (1ms)
			RebuildScriptCaches (135ms)
			SetupLoadedEditorAssemblies (627ms)
				LogAssemblyErrors (0ms)
				InitializePlatformSupportModulesInManaged (12ms)
				SetLoadedEditorAssemblies (4ms)
				RefreshPlugins (1ms)
				BeforeProcessingInitializeOnLoad (174ms)
				ProcessInitializeOnLoadAttributes (396ms)
				ProcessInitializeOnLoadMethodAttributes (16ms)
				AfterProcessingInitializeOnLoad (24ms)
				EditorAssembliesLoaded (1ms)
			ExecutionOrderSort2 (0ms)
			AwakeInstancesAfterBackupRestoration (12ms)
Platform modules already initialized, skipping
Refreshing native plugins compatible for Editor in 0.69 ms, found 2 plugins.
Preloading 0 native plugins for Editor in 0.00 ms.
Unloading 1508 Unused Serialized files (Serialized files now loaded: 0)
System memory in use before: 72.6 MB.
System memory in use after: 72.7 MB.

Unloading 12 unused Assets to reduce memory usage. Loaded Objects now: 1965.
Total: 6.226700 ms (FindLiveObjects: 0.238200 ms CreateObjectMapping: 0.253100 ms MarkObjects: 5.693300 ms  DeleteObjects: 0.040400 ms)

AssetImportParameters requested are different than current active one (requested -> active):
  custom:framework-win-MediaFoundation: 216162199b28c13a410421893ffa2e32 -> 
  custom:video-decoder-ogg-theora: a1e56fd34408186e4bbccfd4996cb3dc -> 
  custom:container-muxer-webm: aa71ff27fc2769a1b78a27578f13a17b -> 
  custom:container-demuxer-webm: 4f35f7cbe854078d1ac9338744f61a02 -> 
  custom:container-demuxer-ogg: 62fdf1f143b41e24485cea50d1cbac27 -> 
  custom:video-encoder-webm-vp8: eb34c28f22e8b96e1ab97ce403110664 -> 
  custom:video-decoder-webm-vp8: 9c59270c3fd7afecdb556c50c9e8de78 -> 
  custom:audio-decoder-ogg-vorbis: bf7c407c2cedff20999df2af8eb42d56 -> 
  custom:audio-encoder-webm-vorbis: bf7c407c2cedff20999df2af8eb42d56 -> 
========================================================================
Received Import Request.
  Time since last request: 61.279671 seconds.
  path: Assets/Scripts/RotateCamera.cs
  artifactKey: Guid(0be583681bc79f240b6fa84d015807d4) Importer(815301076,1909f56bfc062723c751e8b465ee728b)
Start importing Assets/Scripts/RotateCamera.cs using Guid(0be583681bc79f240b6fa84d015807d4) Importer(815301076,1909f56bfc062723c751e8b465ee728b)  -> (artifact id: 'c817e0ba9923f5d0c93c184a73ba0173') in 0.014424 seconds 
========================================================================
Received Prepare
Registering precompiled user dll's ...
Registered in 0.007611 seconds.
Begin MonoManager ReloadAssembly
Symbol file LoadedFromMemory doesn't match image C:\GitHub\Repositories\OopProgrammingProject\OopProgrammingProject\Library\PackageCache\com.unity.collab-proxy@1.15.15\Lib\Editor\PlasticSCM\unityplastic.dll
Native extension for WindowsStandalone target not found
Native extension for WebGL target not found
Refreshing native plugins compatible for Editor in 0.44 ms, found 2 plugins.
Preloading 0 native plugins for Editor in 0.00 ms.
Mono: successfully reloaded assembly
- Completed reload, in  1.841 seconds
Domain Reload Profiling:
	ReloadAssembly (1842ms)
		BeginReloadAssembly (235ms)
			ExecutionOrderSort (0ms)
			DisableScriptedObjects (8ms)
			BackupInstance (0ms)
			ReleaseScriptingObjects (0ms)
			CreateAndSetChildDomain (53ms)
		EndReloadAssembly (1452ms)
			LoadAssemblies (239ms)
			RebuildTransferFunctionScriptingTraits (0ms)
			SetupTypeCache (513ms)
			ReleaseScriptCaches (1ms)
			RebuildScriptCaches (61ms)
			SetupLoadedEditorAssemblies (522ms)
				LogAssemblyErrors (0ms)
				InitializePlatformSupportModulesInManaged (9ms)
				SetLoadedEditorAssemblies (1ms)
				RefreshPlugins (1ms)
				BeforeProcessingInitializeOnLoad (155ms)
				ProcessInitializeOnLoadAttributes (324ms)
				ProcessInitializeOnLoadMethodAttributes (14ms)
				AfterProcessingInitializeOnLoad (18ms)
				EditorAssembliesLoaded (0ms)
			ExecutionOrderSort2 (0ms)
			AwakeInstancesAfterBackupRestoration (10ms)
Platform modules already initialized, skipping
Refreshing native plugins compatible for Editor in 0.68 ms, found 2 plugins.
Preloading 0 native plugins for Editor in 0.00 ms.
Unloading 1508 Unused Serialized files (Serialized files now loaded: 0)
System memory in use before: 72.6 MB.
System memory in use after: 72.7 MB.

Unloading 11 unused Assets to reduce memory usage. Loaded Objects now: 1968.
Total: 5.185300 ms (FindLiveObjects: 0.253300 ms CreateObjectMapping: 0.168700 ms MarkObjects: 4.728500 ms  DeleteObjects: 0.033200 ms)

AssetImportParameters requested are different than current active one (requested -> active):
  custom:framework-win-MediaFoundation: 216162199b28c13a410421893ffa2e32 -> 
  custom:video-decoder-ogg-theora: a1e56fd34408186e4bbccfd4996cb3dc -> 
  custom:container-muxer-webm: aa71ff27fc2769a1b78a27578f13a17b -> 
  custom:container-demuxer-webm: 4f35f7cbe854078d1ac9338744f61a02 -> 
  custom:container-demuxer-ogg: 62fdf1f143b41e24485cea50d1cbac27 -> 
  custom:video-encoder-webm-vp8: eb34c28f22e8b96e1ab97ce403110664 -> 
  custom:video-decoder-webm-vp8: 9c59270c3fd7afecdb556c50c9e8de78 -> 
  custom:audio-decoder-ogg-vorbis: bf7c407c2cedff20999df2af8eb42d56 -> 
  custom:audio-encoder-webm-vorbis: bf7c407c2cedff20999df2af8eb42d56 -> 
========================================================================
Received Import Request.
  Time since last request: 147.000821 seconds.
  path: Assets/Scripts/RotateCamera.cs
  artifactKey: Guid(0be583681bc79f240b6fa84d015807d4) Importer(815301076,1909f56bfc062723c751e8b465ee728b)
Start importing Assets/Scripts/RotateCamera.cs using Guid(0be583681bc79f240b6fa84d015807d4) Importer(815301076,1909f56bfc062723c751e8b465ee728b)  -> (artifact id: 'c4ed32c404e7142c993c8da354e8f596') in 0.010435 seconds 
========================================================================
Received Import Request.
  Time since last request: 161.603316 seconds.
  path: Assets/Scripts/RocketBehavior.cs
  artifactKey: Guid(f24d51f85fdad3540a44b4d9f86904ab) Importer(815301076,1909f56bfc062723c751e8b465ee728b)
Start importing Assets/Scripts/RocketBehavior.cs using Guid(f24d51f85fdad3540a44b4d9f86904ab) Importer(815301076,1909f56bfc062723c751e8b465ee728b)  -> (artifact id: '7e6e683d9bdbab424bfdeb419e8d0ae3') in 0.024156 seconds 
========================================================================
Received Prepare
Registering precompiled user dll's ...
Registered in 0.007397 seconds.
Begin MonoManager ReloadAssembly
Symbol file LoadedFromMemory doesn't match image C:\GitHub\Repositories\OopProgrammingProject\OopProgrammingProject\Library\PackageCache\com.unity.collab-proxy@1.15.15\Lib\Editor\PlasticSCM\unityplastic.dll
Native extension for WindowsStandalone target not found
Native extension for WebGL target not found
Refreshing native plugins compatible for Editor in 0.42 ms, found 2 plugins.
Preloading 0 native plugins for Editor in 0.00 ms.
Mono: successfully reloaded assembly
- Completed reload, in  1.808 seconds
Domain Reload Profiling:
	ReloadAssembly (1809ms)
		BeginReloadAssembly (280ms)
			ExecutionOrderSort (0ms)
			DisableScriptedObjects (11ms)
			BackupInstance (0ms)
			ReleaseScriptingObjects (0ms)
			CreateAndSetChildDomain (53ms)
		EndReloadAssembly (1348ms)
			LoadAssemblies (258ms)
			RebuildTransferFunctionScriptingTraits (0ms)
			SetupTypeCache (484ms)
			ReleaseScriptCaches (1ms)
			RebuildScriptCaches (64ms)
			SetupLoadedEditorAssemblies (485ms)
				LogAssemblyErrors (0ms)
				InitializePlatformSupportModulesInManaged (9ms)
				SetLoadedEditorAssemblies (1ms)
				RefreshPlugins (1ms)
				BeforeProcessingInitializeOnLoad (130ms)
				ProcessInitializeOnLoadAttributes (307ms)
				ProcessInitializeOnLoadMethodAttributes (15ms)
				AfterProcessingInitializeOnLoad (22ms)
				EditorAssembliesLoaded (0ms)
			ExecutionOrderSort2 (0ms)
			AwakeInstancesAfterBackupRestoration (12ms)
Platform modules already initialized, skipping
Refreshing native plugins compatible for Editor in 0.76 ms, found 2 plugins.
Preloading 0 native plugins for Editor in 0.00 ms.
Unloading 1508 Unused Serialized files (Serialized files now loaded: 0)
System memory in use before: 72.6 MB.
System memory in use after: 72.7 MB.

Unloading 11 unused Assets to reduce memory usage. Loaded Objects now: 1971.
Total: 5.144700 ms (FindLiveObjects: 0.150400 ms CreateObjectMapping: 0.063900 ms MarkObjects: 4.889400 ms  DeleteObjects: 0.039200 ms)

AssetImportParameters requested are different than current active one (requested -> active):
  custom:framework-win-MediaFoundation: 216162199b28c13a410421893ffa2e32 -> 
  custom:video-decoder-ogg-theora: a1e56fd34408186e4bbccfd4996cb3dc -> 
  custom:container-muxer-webm: aa71ff27fc2769a1b78a27578f13a17b -> 
  custom:container-demuxer-webm: 4f35f7cbe854078d1ac9338744f61a02 -> 
  custom:container-demuxer-ogg: 62fdf1f143b41e24485cea50d1cbac27 -> 
  custom:video-encoder-webm-vp8: eb34c28f22e8b96e1ab97ce403110664 -> 
  custom:video-decoder-webm-vp8: 9c59270c3fd7afecdb556c50c9e8de78 -> 
  custom:audio-decoder-ogg-vorbis: bf7c407c2cedff20999df2af8eb42d56 -> 
  custom:audio-encoder-webm-vorbis: bf7c407c2cedff20999df2af8eb42d56 -> 
========================================================================
Received Import Request.
  Time since last request: 59.070826 seconds.
  path: Assets/Prefabs/Rocket.prefab
  artifactKey: Guid(93beeb16e4d114e4cbd68b3b3a5d3170) Importer(815301076,1909f56bfc062723c751e8b465ee728b)
Start importing Assets/Prefabs/Rocket.prefab using Guid(93beeb16e4d114e4cbd68b3b3a5d3170) Importer(815301076,1909f56bfc062723c751e8b465ee728b)  -> (artifact id: '21e27af5b7cd967bbbab1228f33324b5') in 0.152227 seconds 
========================================================================
Received Prepare
Registering precompiled user dll's ...
Registered in 0.009431 seconds.
Begin MonoManager ReloadAssembly
Symbol file LoadedFromMemory doesn't match image C:\GitHub\Repositories\OopProgrammingProject\OopProgrammingProject\Library\PackageCache\com.unity.collab-proxy@1.15.15\Lib\Editor\PlasticSCM\unityplastic.dll
Native extension for WindowsStandalone target not found
Native extension for WebGL target not found
Refreshing native plugins compatible for Editor in 0.40 ms, found 2 plugins.
Preloading 0 native plugins for Editor in 0.00 ms.
Mono: successfully reloaded assembly
- Completed reload, in  1.739 seconds
Domain Reload Profiling:
	ReloadAssembly (1740ms)
		BeginReloadAssembly (218ms)
			ExecutionOrderSort (0ms)
			DisableScriptedObjects (6ms)
			BackupInstance (0ms)
			ReleaseScriptingObjects (0ms)
			CreateAndSetChildDomain (47ms)
		EndReloadAssembly (1375ms)
			LoadAssemblies (226ms)
			RebuildTransferFunctionScriptingTraits (0ms)
			SetupTypeCache (428ms)
			ReleaseScriptCaches (1ms)
			RebuildScriptCaches (57ms)
			SetupLoadedEditorAssemblies (557ms)
				LogAssemblyErrors (0ms)
				InitializePlatformSupportModulesInManaged (9ms)
				SetLoadedEditorAssemblies (1ms)
				RefreshPlugins (1ms)
				BeforeProcessingInitializeOnLoad (145ms)
				ProcessInitializeOnLoadAttributes (367ms)
				ProcessInitializeOnLoadMethodAttributes (16ms)
				AfterProcessingInitializeOnLoad (19ms)
				EditorAssembliesLoaded (0ms)
			ExecutionOrderSort2 (0ms)
			AwakeInstancesAfterBackupRestoration (10ms)
Platform modules already initialized, skipping
Refreshing native plugins compatible for Editor in 0.71 ms, found 2 plugins.
Preloading 0 native plugins for Editor in 0.00 ms.
Unloading 1508 Unused Serialized files (Serialized files now loaded: 0)
System memory in use before: 72.7 MB.
System memory in use after: 72.8 MB.

Unloading 11 unused Assets to reduce memory usage. Loaded Objects now: 1975.
Total: 3.753000 ms (FindLiveObjects: 0.147700 ms CreateObjectMapping: 0.063400 ms MarkObjects: 3.503300 ms  DeleteObjects: 0.037100 ms)

AssetImportParameters requested are different than current active one (requested -> active):
  custom:framework-win-MediaFoundation: 216162199b28c13a410421893ffa2e32 -> 
  custom:video-decoder-ogg-theora: a1e56fd34408186e4bbccfd4996cb3dc -> 
  custom:container-muxer-webm: aa71ff27fc2769a1b78a27578f13a17b -> 
  custom:container-demuxer-webm: 4f35f7cbe854078d1ac9338744f61a02 -> 
  custom:container-demuxer-ogg: 62fdf1f143b41e24485cea50d1cbac27 -> 
  custom:video-encoder-webm-vp8: eb34c28f22e8b96e1ab97ce403110664 -> 
  custom:video-decoder-webm-vp8: 9c59270c3fd7afecdb556c50c9e8de78 -> 
  custom:audio-decoder-ogg-vorbis: bf7c407c2cedff20999df2af8eb42d56 -> 
  custom:audio-encoder-webm-vorbis: bf7c407c2cedff20999df2af8eb42d56 -> 
========================================================================
Received Import Request.
  Time since last request: 355.067637 seconds.
  path: Assets/Prefabs/PowerUpIndicator.prefab
  artifactKey: Guid(73bbb5df1e26fcf478ae33a1410b786e) Importer(815301076,1909f56bfc062723c751e8b465ee728b)
Start importing Assets/Prefabs/PowerUpIndicator.prefab using Guid(73bbb5df1e26fcf478ae33a1410b786e) Importer(815301076,1909f56bfc062723c751e8b465ee728b)  -> (artifact id: 'cf0c8c69fbf371c3b520e8765da8516a') in 0.140563 seconds 
========================================================================
Received Prepare
Registering precompiled user dll's ...
Registered in 0.007312 seconds.
Begin MonoManager ReloadAssembly
Symbol file LoadedFromMemory doesn't match image C:\GitHub\Repositories\OopProgrammingProject\OopProgrammingProject\Library\PackageCache\com.unity.collab-proxy@1.15.15\Lib\Editor\PlasticSCM\unityplastic.dll
Native extension for WindowsStandalone target not found
Native extension for WebGL target not found
Refreshing native plugins compatible for Editor in 0.55 ms, found 2 plugins.
Preloading 0 native plugins for Editor in 0.00 ms.
Mono: successfully reloaded assembly
- Completed reload, in  2.074 seconds
Domain Reload Profiling:
	ReloadAssembly (2075ms)
		BeginReloadAssembly (300ms)
			ExecutionOrderSort (0ms)
			DisableScriptedObjects (10ms)
			BackupInstance (0ms)
			ReleaseScriptingObjects (0ms)
			CreateAndSetChildDomain (77ms)
		EndReloadAssembly (1630ms)
			LoadAssemblies (557ms)
			RebuildTransferFunctionScriptingTraits (0ms)
			SetupTypeCache (524ms)
			ReleaseScriptCaches (1ms)
			RebuildScriptCaches (55ms)
			SetupLoadedEditorAssemblies (444ms)
				LogAssemblyErrors (0ms)
				InitializePlatformSupportModulesInManaged (8ms)
				SetLoadedEditorAssemblies (1ms)
				RefreshPlugins (1ms)
				BeforeProcessingInitializeOnLoad (122ms)
				ProcessInitializeOnLoadAttributes (280ms)
				ProcessInitializeOnLoadMethodAttributes (14ms)
				AfterProcessingInitializeOnLoad (18ms)
				EditorAssembliesLoaded (0ms)
			ExecutionOrderSort2 (0ms)
			AwakeInstancesAfterBackupRestoration (11ms)
Platform modules already initialized, skipping
Refreshing native plugins compatible for Editor in 0.42 ms, found 2 plugins.
Preloading 0 native plugins for Editor in 0.00 ms.
Unloading 1508 Unused Serialized files (Serialized files now loaded: 0)
System memory in use before: 72.7 MB.
System memory in use after: 72.8 MB.

Unloading 11 unused Assets to reduce memory usage. Loaded Objects now: 1979.
Total: 5.138600 ms (FindLiveObjects: 0.212700 ms CreateObjectMapping: 0.085500 ms MarkObjects: 4.806900 ms  DeleteObjects: 0.031700 ms)

AssetImportParameters requested are different than current active one (requested -> active):
  custom:framework-win-MediaFoundation: 216162199b28c13a410421893ffa2e32 -> 
  custom:video-decoder-ogg-theora: a1e56fd34408186e4bbccfd4996cb3dc -> 
  custom:container-muxer-webm: aa71ff27fc2769a1b78a27578f13a17b -> 
  custom:container-demuxer-webm: 4f35f7cbe854078d1ac9338744f61a02 -> 
  custom:container-demuxer-ogg: 62fdf1f143b41e24485cea50d1cbac27 -> 
  custom:video-encoder-webm-vp8: eb34c28f22e8b96e1ab97ce403110664 -> 
  custom:video-decoder-webm-vp8: 9c59270c3fd7afecdb556c50c9e8de78 -> 
  custom:audio-decoder-ogg-vorbis: bf7c407c2cedff20999df2af8eb42d56 -> 
  custom:audio-encoder-webm-vorbis: bf7c407c2cedff20999df2af8eb42d56 -> 
========================================================================
Received Prepare
Registering precompiled user dll's ...
Registered in 0.007766 seconds.
Begin MonoManager ReloadAssembly
Symbol file LoadedFromMemory doesn't match image C:\GitHub\Repositories\OopProgrammingProject\OopProgrammingProject\Library\PackageCache\com.unity.collab-proxy@1.15.15\Lib\Editor\PlasticSCM\unityplastic.dll
Native extension for WindowsStandalone target not found
Native extension for WebGL target not found
Refreshing native plugins compatible for Editor in 0.59 ms, found 2 plugins.
Preloading 0 native plugins for Editor in 0.00 ms.
Mono: successfully reloaded assembly
- Completed reload, in  1.688 seconds
Domain Reload Profiling:
	ReloadAssembly (1688ms)
		BeginReloadAssembly (254ms)
			ExecutionOrderSort (0ms)
			DisableScriptedObjects (16ms)
			BackupInstance (0ms)
			ReleaseScriptingObjects (0ms)
			CreateAndSetChildDomain (47ms)
		EndReloadAssembly (1296ms)
			LoadAssemblies (273ms)
			RebuildTransferFunctionScriptingTraits (0ms)
			SetupTypeCache (410ms)
			ReleaseScriptCaches (1ms)
			RebuildScriptCaches (60ms)
			SetupLoadedEditorAssemblies (472ms)
				LogAssemblyErrors (0ms)
				InitializePlatformSupportModulesInManaged (9ms)
				SetLoadedEditorAssemblies (1ms)
				RefreshPlugins (1ms)
				BeforeProcessingInitializeOnLoad (127ms)
				ProcessInitializeOnLoadAttributes (300ms)
				ProcessInitializeOnLoadMethodAttributes (15ms)
				AfterProcessingInitializeOnLoad (19ms)
				EditorAssembliesLoaded (0ms)
			ExecutionOrderSort2 (0ms)
			AwakeInstancesAfterBackupRestoration (10ms)
Platform modules already initialized, skipping
Refreshing native plugins compatible for Editor in 0.75 ms, found 2 plugins.
Preloading 0 native plugins for Editor in 0.00 ms.
Unloading 1508 Unused Serialized files (Serialized files now loaded: 0)
System memory in use before: 72.7 MB.
System memory in use after: 72.8 MB.

Unloading 11 unused Assets to reduce memory usage. Loaded Objects now: 1982.
Total: 5.774300 ms (FindLiveObjects: 0.222100 ms CreateObjectMapping: 0.094600 ms MarkObjects: 5.423800 ms  DeleteObjects: 0.031900 ms)

AssetImportParameters requested are different than current active one (requested -> active):
  custom:framework-win-MediaFoundation: 216162199b28c13a410421893ffa2e32 -> 
  custom:video-decoder-ogg-theora: a1e56fd34408186e4bbccfd4996cb3dc -> 
  custom:container-muxer-webm: aa71ff27fc2769a1b78a27578f13a17b -> 
  custom:container-demuxer-webm: 4f35f7cbe854078d1ac9338744f61a02 -> 
  custom:container-demuxer-ogg: 62fdf1f143b41e24485cea50d1cbac27 -> 
  custom:video-encoder-webm-vp8: eb34c28f22e8b96e1ab97ce403110664 -> 
  custom:video-decoder-webm-vp8: 9c59270c3fd7afecdb556c50c9e8de78 -> 
  custom:audio-decoder-ogg-vorbis: bf7c407c2cedff20999df2af8eb42d56 -> 
  custom:audio-encoder-webm-vorbis: bf7c407c2cedff20999df2af8eb42d56 -> 
========================================================================
Received Import Request.
  Time since last request: 1425.983536 seconds.
  path: Assets/Scripts/PlayerController.cs
  artifactKey: Guid(3af7ff13918511b46a9dc535cfb2d761) Importer(815301076,1909f56bfc062723c751e8b465ee728b)
Start importing Assets/Scripts/PlayerController.cs using Guid(3af7ff13918511b46a9dc535cfb2d761) Importer(815301076,1909f56bfc062723c751e8b465ee728b)  -> (artifact id: '21511d4c1ed5404fe9bda6ca32af1317') in 0.010959 seconds 
========================================================================
Received Import Request.
  Time since last request: 0.406845 seconds.
  path: Assets/Scripts/PowerUp.cs
  artifactKey: Guid(87c46eba1aff64847bdbca12c166882e) Importer(815301076,1909f56bfc062723c751e8b465ee728b)
Start importing Assets/Scripts/PowerUp.cs using Guid(87c46eba1aff64847bdbca12c166882e) Importer(815301076,1909f56bfc062723c751e8b465ee728b)  -> (artifact id: 'f865d4450fda647c632e57b617b47857') in 0.006810 seconds 
========================================================================
Received Import Request.
  Time since last request: 0.463998 seconds.
  path: Assets/Scripts/RocketBehavior.cs
  artifactKey: Guid(f24d51f85fdad3540a44b4d9f86904ab) Importer(815301076,1909f56bfc062723c751e8b465ee728b)
Start importing Assets/Scripts/RocketBehavior.cs using Guid(f24d51f85fdad3540a44b4d9f86904ab) Importer(815301076,1909f56bfc062723c751e8b465ee728b)  -> (artifact id: 'b041572c4d4cffb85284b61b211c2988') in 0.006326 seconds 
========================================================================
Received Import Request.
  Time since last request: 0.806775 seconds.
  path: Assets/Scripts/SpawnManager.cs
  artifactKey: Guid(820fd97e051490948ad0a7f725e04154) Importer(815301076,1909f56bfc062723c751e8b465ee728b)
Start importing Assets/Scripts/SpawnManager.cs using Guid(820fd97e051490948ad0a7f725e04154) Importer(815301076,1909f56bfc062723c751e8b465ee728b)  -> (artifact id: '9912c0bdac6f823048cbf594c0c36c5e') in 0.007387 seconds 
========================================================================
Received Prepare
Registering precompiled user dll's ...
Registered in 0.007464 seconds.
Begin MonoManager ReloadAssembly
Symbol file LoadedFromMemory doesn't match image C:\GitHub\Repositories\OopProgrammingProject\OopProgrammingProject\Library\PackageCache\com.unity.collab-proxy@1.15.15\Lib\Editor\PlasticSCM\unityplastic.dll
Native extension for WindowsStandalone target not found
Native extension for WebGL target not found
Refreshing native plugins compatible for Editor in 0.41 ms, found 2 plugins.
Preloading 0 native plugins for Editor in 0.00 ms.
Mono: successfully reloaded assembly
- Completed reload, in  1.672 seconds
Domain Reload Profiling:
	ReloadAssembly (1673ms)
		BeginReloadAssembly (247ms)
			ExecutionOrderSort (0ms)
			DisableScriptedObjects (9ms)
			BackupInstance (0ms)
			ReleaseScriptingObjects (0ms)
			CreateAndSetChildDomain (52ms)
		EndReloadAssembly (1269ms)
			LoadAssemblies (247ms)
			RebuildTransferFunctionScriptingTraits (0ms)
			SetupTypeCache (419ms)
			ReleaseScriptCaches (1ms)
			RebuildScriptCaches (61ms)
			SetupLoadedEditorAssemblies (459ms)
				LogAssemblyErrors (0ms)
				InitializePlatformSupportModulesInManaged (9ms)
				SetLoadedEditorAssemblies (2ms)
				RefreshPlugins (1ms)
				BeforeProcessingInitializeOnLoad (129ms)
				ProcessInitializeOnLoadAttributes (286ms)
				ProcessInitializeOnLoadMethodAttributes (13ms)
				AfterProcessingInitializeOnLoad (19ms)
				EditorAssembliesLoaded (0ms)
			ExecutionOrderSort2 (0ms)
			AwakeInstancesAfterBackupRestoration (10ms)
Platform modules already initialized, skipping
Refreshing native plugins compatible for Editor in 1.06 ms, found 2 plugins.
Preloading 0 native plugins for Editor in 0.00 ms.
Unloading 1508 Unused Serialized files (Serialized files now loaded: 0)
System memory in use before: 72.7 MB.
System memory in use after: 72.8 MB.

Unloading 11 unused Assets to reduce memory usage. Loaded Objects now: 1985.
Total: 4.199000 ms (FindLiveObjects: 0.228700 ms CreateObjectMapping: 0.088000 ms MarkObjects: 3.845800 ms  DeleteObjects: 0.034700 ms)

AssetImportParameters requested are different than current active one (requested -> active):
  custom:framework-win-MediaFoundation: 216162199b28c13a410421893ffa2e32 -> 
  custom:video-decoder-ogg-theora: a1e56fd34408186e4bbccfd4996cb3dc -> 
  custom:container-muxer-webm: aa71ff27fc2769a1b78a27578f13a17b -> 
  custom:container-demuxer-webm: 4f35f7cbe854078d1ac9338744f61a02 -> 
  custom:container-demuxer-ogg: 62fdf1f143b41e24485cea50d1cbac27 -> 
  custom:video-encoder-webm-vp8: eb34c28f22e8b96e1ab97ce403110664 -> 
  custom:video-decoder-webm-vp8: 9c59270c3fd7afecdb556c50c9e8de78 -> 
  custom:audio-decoder-ogg-vorbis: bf7c407c2cedff20999df2af8eb42d56 -> 
  custom:audio-encoder-webm-vorbis: bf7c407c2cedff20999df2af8eb42d56 -> 
AssetImportWorkerClient::OnTransportError - code=2 error=End of file
